<?xml version="1.0" encoding="UTF-8"?>
<!-- Generated by org.testng.reporters.JUnitXMLReporter -->
<testsuite ignored="1" hostname="Sahil-Lng" failures="0" tests="7" name="Autoloan" time="0.023" errors="0" timestamp="2024-02-07T15:44:42 IST">
  <testcase classname="BasicTest.Day2" name="homeLoan" time="0.002"/>
  <testcase classname="BasicTest.Day2" name="homeLoanApproved" time="0.002"/>
  <testcase classname="BasicTest.Day2" name="homeLoanApproved" time="0.001"/>
  <testcase classname="BasicTest.Day2" name="homeLoanApproved" time="0.001"/>
  <testcase classname="BasicTest.Day2" name="homeLoanRejection" time="0.002"/>
  <testcase classname="BasicTest.Day2" name="homeLoanRejection" time="0.0"/>
  <testcase classname="BasicTest.Day2" name="homeLoanRejection" time="0.001"/>
  <testcase classname="BasicTest.Day2" name="amountCredited" time="0.0">
    <ignored/>
  </testcase> <!-- amountCredited -->
</testsuite> <!-- Autoloan -->
