<?xml version="1.0" encoding="UTF-8"?>
<!-- Generated by org.testng.reporters.JUnitXMLReporter -->
<testsuite ignored="2" hostname="Sahil-Lng" failures="1" tests="6" name="Loan" time="0.086" errors="0" timestamp="2024-02-07T15:44:42 IST">
  <testcase classname="BasicTest.Day1" name="carLoan" time="0.007"/>
  <testcase classname="BasicTest.Day1" name="carLoanApproved" time="0.001"/>
  <testcase classname="BasicTest.Day1" name="jobApplication" time="0.001"/>
  <testcase classname="BasicTest.Day1" name="personalLoan" time="0.0">
    <failure type="org.testng.TestNGException" message="
Parameter &amp;apos;pUrlg&amp;apos; is required by @Test on method personalLoan but has not been marked @Optional or defined
in C:\Users\Ajay-LNG\eclipse-workspace\TestNGTutorials\testng.xml">
      <![CDATA[org.testng.TestNGException: 
Parameter 'pUrlg' is required by @Test on method personalLoan but has not been marked @Optional or defined
in C:\Users\Ajay-LNG\eclipse-workspace\TestNGTutorials\testng.xml
at java.base/java.util.ArrayList.forEach(ArrayList.java:1511)
... Removed 26 stack frames]]>
    </failure>
  </testcase> <!-- personalLoan -->
  <testcase classname="BasicTest.Day1" name="jobApplicationStatus" time="0.001"/>
  <testcase classname="BasicTest.Day3" name="goldLoanApproved" time="0.002"/>
  <testcase classname="BasicTest.Day3" name="goldLoanRejected" time="0.0">
    <ignored/>
  </testcase> <!-- goldLoanRejected -->
  <testcase classname="BasicTest.Day3" name="goldLoanRequest" time="0.0">
    <ignored/>
  </testcase> <!-- goldLoanRequest -->
</testsuite> <!-- Loan -->
