<?xml version="1.0" encoding="UTF-8"?>
<!-- Generated by org.testng.reporters.JUnitXMLReporter -->
<testsuite ignored="7" hostname="Sahil-Lng" failures="0" tests="3" name="Regression" time="0.074" errors="0" timestamp="2024-02-07T11:55:19 IST">
  <testcase classname="BasicTest.Day1" name="carLoanApproved" time="0.011"/>
  <testcase classname="BasicTest.Day3" name="goldLoanApproved" time="0.001"/>
  <testcase classname="BasicTest.Day2" name="homeLoanApproved" time="0.001"/>
  <testcase classname="BasicTest.Day2" name="homeLoanRejection" time="0.0">
    <ignored/>
  </testcase> <!-- homeLoanRejection -->
  <testcase classname="BasicTest.Day1" name="personalLoan" time="0.0">
    <ignored/>
  </testcase> <!-- personalLoan -->
  <testcase classname="BasicTest.Day2" name="amountCredited" time="0.0">
    <ignored/>
  </testcase> <!-- amountCredited -->
  <testcase classname="BasicTest.Day3" name="goldLoanRejected" time="0.0">
    <ignored/>
  </testcase> <!-- goldLoanRejected -->
  <testcase classname="BasicTest.Day1" name="carLoan" time="0.0">
    <ignored/>
  </testcase> <!-- carLoan -->
  <testcase classname="BasicTest.Day2" name="homeLoan" time="0.0">
    <ignored/>
  </testcase> <!-- homeLoan -->
  <testcase classname="BasicTest.Day3" name="goldLoanRequest" time="0.0">
    <ignored/>
  </testcase> <!-- goldLoanRequest -->
</testsuite> <!-- Regression -->
