<?xml version="1.0" encoding="UTF-8"?>
<testng-results ignored="0" total="1" passed="1" failed="0" skipped="0">
  <reporter-output>
  </reporter-output>
  <suite started-at="2024-02-08T11:33:58 IST" name="Default suite" finished-at="2024-02-08T11:33:58 IST" duration-ms="52">
    <groups>
    </groups>
    <test started-at="2024-02-08T11:33:58 IST" name="Default test" finished-at="2024-02-08T11:33:58 IST" duration-ms="52">
      <class name="ProgramingConcept.Result">
        <test-method signature="calculationResult()[pri:0, instance:ProgramingConcept.Result@63a65a25]" started-at="2024-02-08T11:33:58 IST" name="calculationResult" finished-at="2024-02-08T11:33:58 IST" duration-ms="8" status="PASS">
          <reporter-output>
          </reporter-output>
        </test-method> <!-- calculationResult -->
      </class> <!-- ProgramingConcept.Result -->
    </test> <!-- Default test -->
  </suite> <!-- Default suite -->
</testng-results>
